生成启动时间为 2014/3/14 14:22:09。
项目“Z:\dev\cocos2d-x-2.2.1\projects\UmengGame\proj.win32\UmengGame.vcxproj”在节点 2 上(Build 个目标)。
ClCompile:
  C:\Program Files\Microsoft Visual Studio 11.0\VC\bin\CL.exe /c /I"Z:\dev\cocos2d-x-2.2.1\projects\UmengGame\proj.win32\..\..\..\cocos2dx" /I"Z:\dev\cocos2d-x-2.2.1\projects\UmengGame\proj.win32\..\..\..\cocos2dx\include" /I"Z:\dev\cocos2d-x-2.2.1\projects\UmengGame\proj.win32\..\..\..\cocos2dx\kazmath\include" /I"Z:\dev\cocos2d-x-2.2.1\projects\UmengGame\proj.win32\..\..\..\cocos2dx\platform\win32" /I"Z:\dev\cocos2d-x-2.2.1\projects\UmengGame\proj.win32\..\..\..\cocos2dx\platform\third_party\win32" /I"Z:\dev\cocos2d-x-2.2.1\projects\UmengGame\proj.win32\..\..\..\cocos2dx\platform\third_party\win32\OGLES" /I"Z:\dev\cocos2d-x-2.2.1\projects\UmengGame\proj.win32\..\..\..\external" /I"Z:\dev\cocos2d-x-2.2.1\projects\UmengGame\proj.win32\..\..\..\external\chipmunk\include\chipmunk" /I"Z:\dev\cocos2d-x-2.2.1\projects\UmengGame\proj.win32\..\..\..\CocosDenshion\include" /I"Z:\dev\cocos2d-x-2.2.1\projects\UmengGame\proj.win32\..\..\..\extensions" /I..\Classes /I.. /ZI /nologo /W3 /WX- /Od /Oy- /D WIN32 /D _DEBUG /D _WINDOWS /D _USE_MATH_DEFINES /D GL_GLEXT_PROTOTYPES /D CC_ENABLE_CHIPMUNK_INTEGRATION=1 /D COCOS2D_DEBUG=1 /D _CRT_SECURE_NO_WARNINGS /D _SCL_SECURE_NO_WARNINGS /D _UNICODE /D UNICODE /Gm /EHsc /RTC1 /MDd /GS /fp:precise /Zc:wchar_t /Zc:forScope /Fo"Debug.win32\\" /Fd"Debug.win32\vc110.pdb" /Gd /TP /wd4267 /wd4251 /wd4244 /analyze- /errorReport:prompt ..\Classes\HelloWorldScene.cpp
  HelloWorldScene.cpp
z:\dev\cocos2d-x-2.2.1\projects\umenggame\classes\helloworldscene.cpp : warning C4819: 该文件包含不能在当前代码页(936)中表示的字符。请将该文件保存为 Unicode 格式以防止数据丢失
z:\dev\cocos2d-x-2.2.1\projects\umenggame\classes\umengsocial\ccumtypedef.h : warning C4819: 该文件包含不能在当前代码页(936)中表示的字符。请将该文件保存为 Unicode 格式以防止数据丢失
z:\dev\cocos2d-x-2.2.1\projects\umenggame\classes\umengsocial\ccumtypedef.h(34): error C4430: 缺少类型说明符 - 假定为 int。注意: C++ 不支持默认 int
z:\dev\cocos2d-x-2.2.1\projects\umenggame\classes\umengsocial\ccumtypedef.h(35): error C4430: 缺少类型说明符 - 假定为 int。注意: C++ 不支持默认 int
z:\dev\cocos2d-x-2.2.1\projects\umenggame\classes\umengsocial\ccumtypedef.h(36): error C4430: 缺少类型说明符 - 假定为 int。注意: C++ 不支持默认 int
z:\dev\cocos2d-x-2.2.1\projects\umenggame\classes\umengsocial\ccumtypedef.h(37): error C4430: 缺少类型说明符 - 假定为 int。注意: C++ 不支持默认 int
z:\dev\cocos2d-x-2.2.1\projects\umenggame\classes\umengsocial\ccumtypedef.h(39): error C2143: 语法错误 : 缺少“;”(在“}”的前面)
z:\dev\cocos2d-x-2.2.1\projects\umenggame\classes\umengsocial\ccumtypedef.h(39): error C2059: 语法错误:“}”
z:\dev\cocos2d-x-2.2.1\projects\umenggame\classes\umengsocial\ccumtypedef.h(42): error C2061: 语法错误: 标识符“State”
z:\dev\cocos2d-x-2.2.1\projects\umenggame\classes\umengsocial\ccumtypedef.h(43): error C2061: 语法错误: 标识符“State”
z:\dev\cocos2d-x-2.2.1\projects\umenggame\classes\umengsocial\ccumsocialsdk.h : warning C4819: 该文件包含不能在当前代码页(936)中表示的字符。请将该文件保存为 Unicode 格式以防止数据丢失
z:\dev\cocos2d-x-2.2.1\projects\umenggame\classes\helloworldscene.cpp(14): fatal error C1019: 意外的 #else
已完成生成项目“Z:\dev\cocos2d-x-2.2.1\projects\UmengGame\proj.win32\UmengGame.vcxproj”(Build 个目标)的操作 - 失败。

生成失败。

已用时间 00:00:05.94
